<?xml version="1.0" encoding="UTF-8"?>
<!-- Generated by org.testng.reporters.JUnitReportReporter -->
<testsuite hostname="AliyaVasu" failures="0" tests="3" name="webmath.com.TS7" time="12.541" errors="0" timestamp="2023-05-18T18:05:31 IST" skipped="0">
  <testcase classname="webmath.com.TS7" name="TC001" time="3.378"/>
  <system-out/>
  <testcase classname="webmath.com.TS7" name="TC002" time="3.710"/>
  <system-out/>
  <testcase classname="webmath.com.TS7" name="TC003" time="5.453"/>
  <system-out/>
</testsuite> <!-- webmath.com.TS7 -->
