<?xml version="1.0" encoding="UTF-8"?>
<!-- Generated by org.testng.reporters.JUnitReportReporter -->
<testsuite hostname="AliyaVasu" failures="0" tests="10" name="webmath.com.TS1" time="25.539" errors="0" timestamp="2023-05-10T19:49:20 IST" skipped="0">
  <testcase classname="webmath.com.TS1" name="TC001" time="5.038"/>
  <system-out/>
  <testcase classname="webmath.com.TS1" name="TC002" time="0.048"/>
  <system-out/>
  <testcase classname="webmath.com.TS1" name="TC003" time="2.552"/>
  <system-out/>
  <testcase classname="webmath.com.TS1" name="TC004" time="0.556"/>
  <system-out/>
  <testcase classname="webmath.com.TS1" name="TC005" time="3.407"/>
  <system-out/>
  <testcase classname="webmath.com.TS1" name="TC006" time="1.555"/>
  <system-out/>
  <testcase classname="webmath.com.TS1" name="TC007" time="1.669"/>
  <system-out/>
  <testcase classname="webmath.com.TS1" name="TC008" time="3.036"/>
  <system-out/>
  <testcase classname="webmath.com.TS1" name="TC009" time="1.333"/>
  <system-out/>
  <testcase classname="webmath.com.TS1" name="TC010" time="6.345"/>
  <system-out/>
</testsuite> <!-- webmath.com.TS1 -->
