<?xml version="1.0" encoding="UTF-8"?>
<!-- Generated by org.testng.reporters.JUnitReportReporter -->
<testsuite hostname="AliyaVasu" failures="0" tests="3" name="webmath.com.TS7" time="11.566" errors="0" timestamp="2023-05-10T19:49:20 IST" skipped="0">
  <testcase classname="webmath.com.TS7" name="TC001" time="2.790"/>
  <system-out/>
  <testcase classname="webmath.com.TS7" name="TC002" time="2.856"/>
  <system-out/>
  <testcase classname="webmath.com.TS7" name="TC003" time="5.920"/>
  <system-out/>
</testsuite> <!-- webmath.com.TS7 -->
