<?xml version="1.0" encoding="UTF-8"?>
<!-- Generated by org.testng.reporters.JUnitReportReporter -->
<testsuite hostname="AliyaVasu" failures="0" tests="12" name="webmath.com.TS5_PersonalFinance" time="39.160" errors="0" timestamp="2023-05-25T18:37:25 IST" skipped="0">
  <testcase classname="webmath.com.TS5_PersonalFinance" name="TC001" time="2.554"/>
  <system-out/>
  <testcase classname="webmath.com.TS5_PersonalFinance" name="TC002" time="2.748"/>
  <system-out/>
  <testcase classname="webmath.com.TS5_PersonalFinance" name="TC003" time="4.944"/>
  <system-out/>
  <testcase classname="webmath.com.TS5_PersonalFinance" name="TC004" time="2.451"/>
  <system-out/>
  <testcase classname="webmath.com.TS5_PersonalFinance" name="TC005" time="2.486"/>
  <system-out/>
  <testcase classname="webmath.com.TS5_PersonalFinance" name="TC006" time="4.675"/>
  <system-out/>
  <testcase classname="webmath.com.TS5_PersonalFinance" name="TC007" time="2.458"/>
  <system-out/>
  <testcase classname="webmath.com.TS5_PersonalFinance" name="TC008" time="2.823"/>
  <system-out/>
  <testcase classname="webmath.com.TS5_PersonalFinance" name="TC009" time="4.214"/>
  <system-out/>
  <testcase classname="webmath.com.TS5_PersonalFinance" name="TC010" time="2.451"/>
  <system-out/>
  <testcase classname="webmath.com.TS5_PersonalFinance" name="TC011" time="3.049"/>
  <system-out/>
  <testcase classname="webmath.com.TS5_PersonalFinance" name="TC012" time="4.307"/>
  <system-out/>
</testsuite> <!-- webmath.com.TS5_PersonalFinance -->
