<?xml version="1.0" encoding="UTF-8"?>
<!-- Generated by org.testng.reporters.JUnitReportReporter -->
<testsuite hostname="AliyaVasu" failures="0" tests="3" name="webmath.com.TS6_MathAtHome" time="11.102" errors="0" timestamp="2023-05-25T18:37:25 IST" skipped="0">
  <testcase classname="webmath.com.TS6_MathAtHome" name="TC001" time="2.910"/>
  <system-out/>
  <testcase classname="webmath.com.TS6_MathAtHome" name="TC002" time="3.266"/>
  <system-out/>
  <testcase classname="webmath.com.TS6_MathAtHome" name="TC003" time="4.926"/>
  <system-out/>
</testsuite> <!-- webmath.com.TS6_MathAtHome -->
