<?xml version="1.0" encoding="UTF-8"?>
<!-- Generated by org.testng.reporters.JUnitReportReporter -->
<testsuite hostname="AliyaVasu" failures="0" tests="8" name="webmath.com.TS2_MathForEveryone" time="2.076" errors="0" timestamp="2023-05-25T18:37:25 IST" skipped="0">
  <testcase classname="webmath.com.TS2_MathForEveryone" name="TC001" time="0.010"/>
  <system-out/>
  <testcase classname="webmath.com.TS2_MathForEveryone" name="TC002" time="0.019"/>
  <system-out/>
  <testcase classname="webmath.com.TS2_MathForEveryone" name="TC003" time="0.223"/>
  <system-out/>
  <testcase classname="webmath.com.TS2_MathForEveryone" name="TC004" time="0.227"/>
  <system-out/>
  <testcase classname="webmath.com.TS2_MathForEveryone" name="TC005" time="0.146"/>
  <system-out/>
  <testcase classname="webmath.com.TS2_MathForEveryone" name="TC006" time="0.044"/>
  <system-out/>
  <testcase classname="webmath.com.TS2_MathForEveryone" name="TC007" time="0.040"/>
  <system-out/>
  <testcase classname="webmath.com.TS2_MathForEveryone" name="TC008" time="1.367"/>
  <system-out/>
</testsuite> <!-- webmath.com.TS2_MathForEveryone -->
