<?xml version="1.0" encoding="UTF-8"?>
<!-- Generated by org.testng.reporters.JUnitReportReporter -->
<testsuite hostname="AliyaVasu" failures="0" tests="10" name="webmath.com.TS1" time="25.695" errors="0" timestamp="2023-05-21T10:46:39 IST" skipped="0">
  <testcase classname="webmath.com.TS1" name="TC001" time="6.139"/>
  <system-out/>
  <testcase classname="webmath.com.TS1" name="TC002" time="0.106"/>
  <system-out/>
  <testcase classname="webmath.com.TS1" name="TC003" time="1.899"/>
  <system-out/>
  <testcase classname="webmath.com.TS1" name="TC004" time="0.614"/>
  <system-out/>
  <testcase classname="webmath.com.TS1" name="TC005" time="1.367"/>
  <system-out/>
  <testcase classname="webmath.com.TS1" name="TC006" time="1.844"/>
  <system-out/>
  <testcase classname="webmath.com.TS1" name="TC007" time="1.385"/>
  <system-out/>
  <testcase classname="webmath.com.TS1" name="TC008" time="1.421"/>
  <system-out/>
  <testcase classname="webmath.com.TS1" name="TC009" time="6.402"/>
  <system-out/>
  <testcase classname="webmath.com.TS1" name="TC010" time="4.518"/>
  <system-out/>
</testsuite> <!-- webmath.com.TS1 -->
