<?xml version="1.0" encoding="UTF-8"?>
<!-- Generated by org.testng.reporters.JUnitReportReporter -->
<testsuite hostname="AliyaVasu" failures="0" tests="3" name="webmath.com.TS7_MathAndBeyond" time="9.904" errors="0" timestamp="2023-05-25T18:37:25 IST" skipped="0">
  <testcase classname="webmath.com.TS7_MathAndBeyond" name="TC001" time="2.687"/>
  <system-out/>
  <testcase classname="webmath.com.TS7_MathAndBeyond" name="TC002" time="2.620"/>
  <system-out/>
  <testcase classname="webmath.com.TS7_MathAndBeyond" name="TC003" time="4.597"/>
  <system-out/>
</testsuite> <!-- webmath.com.TS7_MathAndBeyond -->
