<?xml version="1.0" encoding="UTF-8"?>
<!-- Generated by org.testng.reporters.JUnitReportReporter -->
<testsuite hostname="AliyaVasu" failures="0" tests="21" name="webmath.com.TS4_UnitsConversion" time="65.008" errors="0" timestamp="2023-05-25T18:37:25 IST" skipped="0">
  <testcase classname="webmath.com.TS4_UnitsConversion" name="TC001" time="2.551"/>
  <system-out/>
  <testcase classname="webmath.com.TS4_UnitsConversion" name="TC002" time="2.724"/>
  <system-out/>
  <testcase classname="webmath.com.TS4_UnitsConversion" name="TC003" time="4.674"/>
  <system-out/>
  <testcase classname="webmath.com.TS4_UnitsConversion" name="TC004" time="2.833"/>
  <system-out/>
  <testcase classname="webmath.com.TS4_UnitsConversion" name="TC005" time="2.629"/>
  <system-out/>
  <testcase classname="webmath.com.TS4_UnitsConversion" name="TC006" time="4.434"/>
  <system-out/>
  <testcase classname="webmath.com.TS4_UnitsConversion" name="TC007" time="2.643"/>
  <system-out/>
  <testcase classname="webmath.com.TS4_UnitsConversion" name="TC008" time="2.521"/>
  <system-out/>
  <testcase classname="webmath.com.TS4_UnitsConversion" name="TC009" time="4.729"/>
  <system-out/>
  <testcase classname="webmath.com.TS4_UnitsConversion" name="TC010" time="2.452"/>
  <system-out/>
  <testcase classname="webmath.com.TS4_UnitsConversion" name="TC011" time="2.629"/>
  <system-out/>
  <testcase classname="webmath.com.TS4_UnitsConversion" name="TC012" time="3.964"/>
  <system-out/>
  <testcase classname="webmath.com.TS4_UnitsConversion" name="TC013" time="2.622"/>
  <system-out/>
  <testcase classname="webmath.com.TS4_UnitsConversion" name="TC014" time="2.328"/>
  <system-out/>
  <testcase classname="webmath.com.TS4_UnitsConversion" name="TC015" time="3.418"/>
  <system-out/>
  <testcase classname="webmath.com.TS4_UnitsConversion" name="TC016" time="2.429"/>
  <system-out/>
  <testcase classname="webmath.com.TS4_UnitsConversion" name="TC017" time="2.584"/>
  <system-out/>
  <testcase classname="webmath.com.TS4_UnitsConversion" name="TC018" time="4.088"/>
  <system-out/>
  <testcase classname="webmath.com.TS4_UnitsConversion" name="TC019" time="2.094"/>
  <system-out/>
  <testcase classname="webmath.com.TS4_UnitsConversion" name="TC020" time="2.419"/>
  <system-out/>
  <testcase classname="webmath.com.TS4_UnitsConversion" name="TC021" time="4.243"/>
  <system-out/>
</testsuite> <!-- webmath.com.TS4_UnitsConversion -->
