<?xml version="1.0" encoding="UTF-8"?>
<!-- Generated by org.testng.reporters.JUnitReportReporter -->
<testsuite hostname="AliyaVasu" failures="0" tests="12" name="webmath.com.TS5" time="47.168" errors="0" timestamp="2023-05-10T19:49:20 IST" skipped="0">
  <testcase classname="webmath.com.TS5" name="TC001" time="2.948"/>
  <system-out/>
  <testcase classname="webmath.com.TS5" name="TC002" time="4.698"/>
  <system-out/>
  <testcase classname="webmath.com.TS5" name="TC003" time="6.036"/>
  <system-out/>
  <testcase classname="webmath.com.TS5" name="TC004" time="3.200"/>
  <system-out/>
  <testcase classname="webmath.com.TS5" name="TC005" time="3.506"/>
  <system-out/>
  <testcase classname="webmath.com.TS5" name="TC006" time="4.335"/>
  <system-out/>
  <testcase classname="webmath.com.TS5" name="TC007" time="2.878"/>
  <system-out/>
  <testcase classname="webmath.com.TS5" name="TC008" time="3.747"/>
  <system-out/>
  <testcase classname="webmath.com.TS5" name="TC009" time="4.619"/>
  <system-out/>
  <testcase classname="webmath.com.TS5" name="TC010" time="2.684"/>
  <system-out/>
  <testcase classname="webmath.com.TS5" name="TC011" time="4.055"/>
  <system-out/>
  <testcase classname="webmath.com.TS5" name="TC012" time="4.462"/>
  <system-out/>
</testsuite> <!-- webmath.com.TS5 -->
