<?xml version="1.0" encoding="UTF-8"?>
<!-- Generated by org.testng.reporters.JUnitReportReporter -->
<testsuite hostname="AliyaVasu" failures="0" tests="10" name="webmath.com.TS1_Homepage" time="16.649" errors="0" timestamp="2023-05-25T18:37:25 IST" skipped="0">
  <testcase classname="webmath.com.TS1_Homepage" name="TC001" time="4.216"/>
  <system-out/>
  <testcase classname="webmath.com.TS1_Homepage" name="TC002" time="0.062"/>
  <system-out/>
  <testcase classname="webmath.com.TS1_Homepage" name="TC003" time="1.171"/>
  <system-out/>
  <testcase classname="webmath.com.TS1_Homepage" name="TC004" time="0.358"/>
  <system-out/>
  <testcase classname="webmath.com.TS1_Homepage" name="TC005" time="1.265"/>
  <system-out/>
  <testcase classname="webmath.com.TS1_Homepage" name="TC006" time="1.685"/>
  <system-out/>
  <testcase classname="webmath.com.TS1_Homepage" name="TC007" time="1.342"/>
  <system-out/>
  <testcase classname="webmath.com.TS1_Homepage" name="TC008" time="1.306"/>
  <system-out/>
  <testcase classname="webmath.com.TS1_Homepage" name="TC009" time="1.434"/>
  <system-out/>
  <testcase classname="webmath.com.TS1_Homepage" name="TC010" time="3.810"/>
  <system-out/>
</testsuite> <!-- webmath.com.TS1_Homepage -->
