<?xml version="1.0" encoding="UTF-8"?>
<!-- Generated by org.testng.reporters.JUnitReportReporter -->
<testsuite hostname="AliyaVasu" failures="0" tests="21" name="webmath.com.TS4" time="88.012" errors="0" timestamp="2023-05-10T19:49:20 IST" skipped="0">
  <testcase classname="webmath.com.TS4" name="TC001" time="2.738"/>
  <system-out/>
  <testcase classname="webmath.com.TS4" name="TC002" time="3.374"/>
  <system-out/>
  <testcase classname="webmath.com.TS4" name="TC003" time="5.558"/>
  <system-out/>
  <testcase classname="webmath.com.TS4" name="TC004" time="2.542"/>
  <system-out/>
  <testcase classname="webmath.com.TS4" name="TC005" time="2.474"/>
  <system-out/>
  <testcase classname="webmath.com.TS4" name="TC006" time="7.564"/>
  <system-out/>
  <testcase classname="webmath.com.TS4" name="TC007" time="2.965"/>
  <system-out/>
  <testcase classname="webmath.com.TS4" name="TC008" time="2.761"/>
  <system-out/>
  <testcase classname="webmath.com.TS4" name="TC009" time="5.653"/>
  <system-out/>
  <testcase classname="webmath.com.TS4" name="TC010" time="5.104"/>
  <system-out/>
  <testcase classname="webmath.com.TS4" name="TC011" time="2.856"/>
  <system-out/>
  <testcase classname="webmath.com.TS4" name="TC012" time="10.709"/>
  <system-out/>
  <testcase classname="webmath.com.TS4" name="TC013" time="4.042"/>
  <system-out/>
  <testcase classname="webmath.com.TS4" name="TC014" time="2.863"/>
  <system-out/>
  <testcase classname="webmath.com.TS4" name="TC015" time="4.860"/>
  <system-out/>
  <testcase classname="webmath.com.TS4" name="TC016" time="3.782"/>
  <system-out/>
  <testcase classname="webmath.com.TS4" name="TC017" time="4.127"/>
  <system-out/>
  <testcase classname="webmath.com.TS4" name="TC018" time="5.114"/>
  <system-out/>
  <testcase classname="webmath.com.TS4" name="TC019" time="2.735"/>
  <system-out/>
  <testcase classname="webmath.com.TS4" name="TC020" time="2.249"/>
  <system-out/>
  <testcase classname="webmath.com.TS4" name="TC021" time="3.942"/>
  <system-out/>
</testsuite> <!-- webmath.com.TS4 -->
