<?xml version="1.0" encoding="UTF-8"?>
<!-- Generated by org.testng.reporters.JUnitReportReporter -->
<testsuite hostname="AliyaVasu" failures="0" tests="15" name="webmath.com.TS3_EverydayMath" time="51.146" errors="0" timestamp="2023-05-25T19:02:49 IST" skipped="0">
  <testcase classname="webmath.com.TS3_EverydayMath" name="TC001" time="3.099"/>
  <system-out/>
  <testcase classname="webmath.com.TS3_EverydayMath" name="TC002" time="3.056"/>
  <system-out/>
  <testcase classname="webmath.com.TS3_EverydayMath" name="TC003" time="4.375"/>
  <system-out/>
  <testcase classname="webmath.com.TS3_EverydayMath" name="TC004" time="2.721"/>
  <system-out/>
  <testcase classname="webmath.com.TS3_EverydayMath" name="TC005" time="2.689"/>
  <system-out/>
  <testcase classname="webmath.com.TS3_EverydayMath" name="TC006" time="4.184"/>
  <system-out/>
  <testcase classname="webmath.com.TS3_EverydayMath" name="TC007" time="2.454"/>
  <system-out/>
  <testcase classname="webmath.com.TS3_EverydayMath" name="TC008" time="2.669"/>
  <system-out/>
  <testcase classname="webmath.com.TS3_EverydayMath" name="TC009" time="4.492"/>
  <system-out/>
  <testcase classname="webmath.com.TS3_EverydayMath" name="TC010" time="2.591"/>
  <system-out/>
  <testcase classname="webmath.com.TS3_EverydayMath" name="TC011" time="2.753"/>
  <system-out/>
  <testcase classname="webmath.com.TS3_EverydayMath" name="TC012" time="6.905"/>
  <system-out/>
  <testcase classname="webmath.com.TS3_EverydayMath" name="TC013" time="2.576"/>
  <system-out/>
  <testcase classname="webmath.com.TS3_EverydayMath" name="TC014" time="2.597"/>
  <system-out/>
  <testcase classname="webmath.com.TS3_EverydayMath" name="TC015" time="3.985"/>
  <system-out/>
</testsuite> <!-- webmath.com.TS3_EverydayMath -->
