<?xml version="1.0" encoding="UTF-8"?>
<!-- Generated by org.testng.reporters.JUnitReportReporter -->
<testsuite hostname="AliyaVasu" failures="0" tests="3" name="webmath.com.TS6" time="12.594" errors="0" timestamp="2023-05-10T19:49:20 IST" skipped="0">
  <testcase classname="webmath.com.TS6" name="TC001" time="2.964"/>
  <system-out/>
  <testcase classname="webmath.com.TS6" name="TC002" time="2.975"/>
  <system-out/>
  <testcase classname="webmath.com.TS6" name="TC003" time="6.655"/>
  <system-out/>
</testsuite> <!-- webmath.com.TS6 -->
