<?xml version="1.0" encoding="UTF-8"?>
<!-- Generated by org.testng.reporters.JUnitReportReporter -->
<testsuite hostname="AliyaVasu" failures="0" tests="8" name="webmath.com.TS2" time="2.246" errors="0" timestamp="2023-05-10T19:49:20 IST" skipped="0">
  <testcase classname="webmath.com.TS2" name="TC001" time="0.007"/>
  <system-out/>
  <testcase classname="webmath.com.TS2" name="TC002" time="0.016"/>
  <system-out/>
  <testcase classname="webmath.com.TS2" name="TC003" time="0.137"/>
  <system-out/>
  <testcase classname="webmath.com.TS2" name="TC004" time="0.161"/>
  <system-out/>
  <testcase classname="webmath.com.TS2" name="TC005" time="0.095"/>
  <system-out/>
  <testcase classname="webmath.com.TS2" name="TC006" time="0.028"/>
  <system-out/>
  <testcase classname="webmath.com.TS2" name="TC007" time="0.030"/>
  <system-out/>
  <testcase classname="webmath.com.TS2" name="TC008" time="1.772"/>
  <system-out/>
</testsuite> <!-- webmath.com.TS2 -->
