<?xml version="1.0" encoding="UTF-8"?>
<!-- Generated by org.testng.reporters.JUnitReportReporter -->
<testsuite hostname="AliyaVasu" failures="0" tests="1" name="test1.Test1" time="0.007" errors="0" timestamp="2023-05-05T08:29:53 IST" skipped="0">
  <testcase classname="test1.Test1" name="t" time="0.007"/>
  <system-out/>
</testsuite> <!-- test1.Test1 -->
