<?xml version="1.0" encoding="UTF-8"?>
<!-- Generated by org.testng.reporters.JUnitReportReporter -->
<testsuite hostname="AliyaVasu" failures="0" tests="15" name="webmath.com.TS3" time="54.126" errors="0" timestamp="2023-05-10T19:49:20 IST" skipped="0">
  <testcase classname="webmath.com.TS3" name="TC001" time="2.613"/>
  <system-out/>
  <testcase classname="webmath.com.TS3" name="TC002" time="2.387"/>
  <system-out/>
  <testcase classname="webmath.com.TS3" name="TC003" time="4.812"/>
  <system-out/>
  <testcase classname="webmath.com.TS3" name="TC004" time="2.427"/>
  <system-out/>
  <testcase classname="webmath.com.TS3" name="TC005" time="2.628"/>
  <system-out/>
  <testcase classname="webmath.com.TS3" name="TC006" time="4.728"/>
  <system-out/>
  <testcase classname="webmath.com.TS3" name="TC007" time="3.978"/>
  <system-out/>
  <testcase classname="webmath.com.TS3" name="TC008" time="2.565"/>
  <system-out/>
  <testcase classname="webmath.com.TS3" name="TC009" time="5.929"/>
  <system-out/>
  <testcase classname="webmath.com.TS3" name="TC010" time="2.821"/>
  <system-out/>
  <testcase classname="webmath.com.TS3" name="TC011" time="3.012"/>
  <system-out/>
  <testcase classname="webmath.com.TS3" name="TC012" time="5.313"/>
  <system-out/>
  <testcase classname="webmath.com.TS3" name="TC013" time="2.175"/>
  <system-out/>
  <testcase classname="webmath.com.TS3" name="TC014" time="3.313"/>
  <system-out/>
  <testcase classname="webmath.com.TS3" name="TC015" time="5.425"/>
  <system-out/>
</testsuite> <!-- webmath.com.TS3 -->
